
                  @@@@@@@                             @@@@ @  
                    @@   @@                         @@    @@  
                    @@    @@                       @@      @  
                    @@    @@     @@@       @@@    @@          
                    @@   @@    @@   @@   @@   @@  @@          
                    @@@@@@    @@     @@ @@     @@ @@     @@@@@
                    @@    @@  @@     @@ @@     @@ @@     @ @@ 
                    @@     @@ @@     @@ @@     @@ @@    @  @@ 
                    @@     @@ @@     @@ @@     @@  @@      @@ 
                    @@    @@   @@   @@   @@   @@    @@    @@  
                  @@@@@@@@       @@@       @@@        @@@@    

                         Binding and Optimizing On Gates

                 Alliance CAD System 5.0, boog 5.0 [2003/01/09]
                 Copyright (c) 2000-2015,        ASIM/LIP6/UPMC
                 Author(s):                     François Donnet
                 E-mail        :    alliance-users@asim.lip6.fr

        MBK_VDD        : vdd
        MBK_VSS        : vss
        MBK_IN_LO      : vst
        MBK_OUT_LO     : vst
        MBK_WORK_LIB   : .
        MBK_TARGET_LIB : /usr/share/alliance/cells/sxlib

Reading parameter file 'paramfile.lax'...
50% area - 50% delay optimization
Reading file 'fdj_b.vbe'...
Controlling file 'paramfile.lax'...
Controlling file 'fdj_b.vbe'...
Reading lib '/usr/share/alliance/cells/sxlib'...
Controlling lib '/usr/share/alliance/cells/sxlib'...
Preparing file 'fdj_b.vbe'...
Capacitances on file 'fdj_b.vbe'...
Unflattening file 'fdj_b.vbe'...
Mapping file 'fdj_b.vbe'...
Saving file 'fdj_b.vst'...
Adding signal 'not_fsm_h_h_cs 2'
Quick estimated critical path (no warranty)...2815 ps from 'fsm_c_c_cs 0' to 'fsm_c_c_cs 0'
Quick estimated area (with over-cell routing)...718250 lambda²
Details...
	inv_x2: 67
	no2_x1: 61
	na2_x1: 46
	sff1_x4: 40
	o2_x2: 38
	a2_x2: 35
	no3_x1: 28
	o3_x2: 22
	na3_x1: 22
	na4_x1: 19
	a3_x2: 15
	noa22_x1: 14
	no4_x1: 13
	oa22_x2: 12
	nao2o22_x1: 9
	nao22_x1: 8
	ao22_x2: 6
	a4_x2: 6
	on12_x1: 5
	oa2ao222_x2: 4
	an12_x1: 3
	o4_x2: 3
	oa2a22_x2: 2
	oa2a2a23_x2: 2
	noa2ao222_x1: 1
	Total: 481
Saving critical path in xsch color file 'fdj_b.xsc'...
End of boog...

