
      @@@@@@@@@  @@@@                      @@@@@@@               @@@       
        @@    @    @@                @       @@   @@              @@       
        @@     @   @@               @@       @@    @@             @@       
        @@         @@     @@@@      @@       @@    @@    @@@@@    @@ @@@   
        @@   @     @@    @@   @   @@@@@@@@   @@   @@    @     @   @@@  @@  
        @@@@@@     @@    @@   @@    @@       @@@@@@    @@     @@  @@    @@ 
        @@   @     @@      @@@@@    @@       @@    @@  @@@@@@@@@  @@    @@ 
        @@         @@    @@   @@    @@       @@     @@ @@         @@    @@ 
        @@         @@   @@    @@    @@       @@     @@ @@      @  @@    @@ 
        @@         @@   @@   @@@    @@   @   @@    @@   @@    @@  @@    @@ 
      @@@@@@     @@@@@@  @@@@  @@    @@@@  @@@@@@@@       @@@@   @@@@  @@@@

                              a netlist abstractor

                Alliance CAD System 5.0, flatbeh 5.0 [2000/11/01]
                Copyright (c) 1993-2015,           ASIM/LIP6/UPMC
                Author(s):       François DONNET, Huu Nghia VUONG
                E-mail        :       alliance-users@asim.lip6.fr

     =========================  Environnement  =========================
     MBK_WORK_LIB        = .
     MBK_CATA_LIB        = /usr/share/alliance/cells/sxlib:/usr/share/alliance/cells/romlib:/usr/share/alliance/cells/ramlib:/usr/share/alliance/cells/rflib:/usr/share/alliance/cells/rf2lib:/usr/share/alliance/cells/pxlib:/usr/share/alliance/cells/padlib:/usr/share/alliance/cells/dp_sxlib
     MBK_CATAL_NAME      = CATAL
     ============================== Files ==============================
     Netlist file        = fdo_b_l.vst
     Output  file        = fdo_b_l_net.vbe
     ===================================================================

Loading './fdo_b_l.vst'
flattening figure fdo_b_l 
 loading inv_x4 
 loading on12_x1 
 loading a2_x2 
 loading na2_x1 
 loading o2_x2 
 loading noa22_x1 
 loading nao22_x1 
 loading an12_x1 
 loading oa22_x2 
 loading ao22_x2 
 loading na4_x1 
 loading noa2a22_x1 
 loading sff1_x4 
 loading a4_x2 
 loading inv_x2 
 loading a3_x2 
 loading no2_x1 
 loading no4_x1 
 loading no3_x1 
 loading na3_x1 
 loading o4_x2 
 loading o3_x2 
 loading buf_x2 
Restoring array's orders 
BEH : Saving 'fdo_b_l_net' in a vhdl file (vbe)
